<?xml version="1.0" encoding="UTF-8"?>
<!-- Generated by org.testng.reporters.JUnitXMLReporter -->
<testsuite ignored="1" hostname="Naresh" failures="0" tests="7" name="Default test" time="2.351" errors="0" timestamp="2025-08-29T08:35:40 IST">
  <testcase classname="com.automation.TestNGTestCases" name="jsonFileTest" time="0.509"/>
  <testcase classname="com.automation.TestNGTestCases" name="excelFileTest" time="1.453"/>
  <testcase classname="com.automation.TestNGTestCases" name="accessXmlFileDataTest" time="0.171"/>
  <testcase classname="com.automation.TestNGTestCases" name="excelFileTest2" time="0.124"/>
  <testcase classname="com.automation.TestNGTestCases" name="jsonFileTest2" time="0.005"/>
  <testcase classname="com.automation.TestNGTestCases" name="jsonFileTest2" time="0.003"/>
  <testcase classname="com.automation.TestNGTestCases" name="jsonFileTest2" time="0.003"/>
  <testcase classname="com.automation.TestNGTestCases" name="xmlFileTest" time="0.0">
    <ignored/>
  </testcase> <!-- xmlFileTest -->
</testsuite> <!-- Default test -->
