<?xml version="1.0" encoding="UTF-8"?>
<!-- Generated by org.testng.reporters.JUnitXMLReporter -->
<testsuite ignored="0" hostname="Naresh" failures="0" tests="5" name="Default test" time="1.584" errors="0" timestamp="2025-08-13T09:43:40 IST">
  <testcase classname="com.automation.TestNGTestCases" name="excelFileTest" time="1.119"/>
  <testcase classname="com.automation.TestNGTestCases" name="excelFileTest2" time="0.091"/>
  <testcase classname="com.automation.TestNGTestCases" name="jsonFileTest" time="0.226"/>
  <testcase classname="com.automation.TestNGTestCases" name="jsonFileTest2" time="0.002"/>
  <testcase classname="com.automation.TestNGTestCases" name="xmlFileTest" time="0.082"/>
</testsuite> <!-- Default test -->
