<?xml version="1.0" encoding="UTF-8"?>
<!-- Generated by org.testng.reporters.JUnitXMLReporter -->
<testsuite ignored="1" hostname="Naresh" failures="0" tests="4" name="Test" time="1.153" errors="0" timestamp="2025-08-13T09:47:14 IST">
  <testcase classname="com.automation.TestNGTestCases" name="excelFileTest" time="0.757"/>
  <testcase classname="com.automation.TestNGTestCases" name="excelFileTest2" time="0.08"/>
  <testcase classname="com.automation.TestNGTestCases" name="jsonFileTest" time="0.187"/>
  <testcase classname="com.automation.TestNGTestCases" name="xmlFileTest" time="0.067"/>
  <testcase classname="com.automation.TestNGTestCases" name="jsonFileTest2" time="0.0">
    <ignored/>
  </testcase> <!-- jsonFileTest2 -->
</testsuite> <!-- Test -->
