<?xml version="1.0" encoding="UTF-8"?>
<!-- Generated by org.testng.reporters.JUnitXMLReporter -->
<testsuite ignored="1" hostname="Naresh" failures="0" tests="7" name="Test" time="2.946" errors="0" timestamp="2025-08-29T09:28:16 IST">
  <testcase classname="com.automation.TestNGTestCases" name="jsonFileTest" time="0.552"/>
  <testcase classname="com.automation.TestNGTestCases" name="excelFileTest" time="1.824"/>
  <testcase classname="com.automation.TestNGTestCases" name="xmlFileTest" time="0.274"/>
  <testcase classname="com.automation.TestNGTestCases" name="excelFileTest2" time="0.147"/>
  <testcase classname="com.automation.TestNGTestCases" name="jsonFileTest2" time="0.006"/>
  <testcase classname="com.automation.TestNGTestCases" name="jsonFileTest2" time="0.008"/>
  <testcase classname="com.automation.TestNGTestCases" name="jsonFileTest2" time="0.005"/>
  <testcase classname="com.automation.TestNGTestCases" name="accessXmlFileDataTest" time="0.0">
    <ignored/>
  </testcase> <!-- accessXmlFileDataTest -->
</testsuite> <!-- Test -->
