<?xml version="1.0" encoding="UTF-8"?>
<testng-results ignored="1" total="8" passed="7" failed="0" skipped="0">
  <reporter-output>
    <line>
      <![CDATA[<span style="color: Red;">Password is matching and password is abc123</span>]]>
    </line>
    <line>
      <![CDATA[<span style="color: DarkGreen;">TypeOfLanguage showing as Object Oriendted Programming</span>]]>
    </line>
    <line>
      <![CDATA[<span style="color: Green;">XML Username is matching and password is User123</span>]]>
    </line>
    <line>
      <![CDATA[<span style="color: Red;">TypeOfLanguage showing as Object Oriendted Programming1</span>]]>
    </line>
    <line>
      <![CDATA[<span style="color: Green;">Username is matching and password is ABC123</span>]]>
    </line>
    <line>
      <![CDATA[<span style="color: Green;">Username is matching and password is ABC123</span>]]>
    </line>
    <line>
      <![CDATA[<span style="color: Green;">Username is matching and password is ABC123</span>]]>
    </line>
  </reporter-output>
  <suite started-at="2025-08-29T09:28:13 IST" name="Suite" finished-at="2025-08-29T09:28:16 IST" duration-ms="2946">
    <groups>
      <group name="SanityTest">
        <method signature="TestNGTestCases.jsonFileTest()[pri:0, instance:com.automation.TestNGTestCases@5b7a5baa]" name="jsonFileTest" class="com.automation.TestNGTestCases"/>
        <method signature="TestNGTestCases.excelFileTest()[pri:1, instance:com.automation.TestNGTestCases@5b7a5baa]" name="excelFileTest" class="com.automation.TestNGTestCases"/>
        <method signature="TestNGTestCases.xmlFileTest()[pri:2, instance:com.automation.TestNGTestCases@5b7a5baa]" name="xmlFileTest" class="com.automation.TestNGTestCases"/>
        <method signature="TestNGTestCases.excelFileTest2()[pri:4, instance:com.automation.TestNGTestCases@5b7a5baa]" name="excelFileTest2" class="com.automation.TestNGTestCases"/>
      </group> <!-- SanityTest -->
      <group name="SmokeTest">
        <method signature="TestNGTestCases.jsonFileTest()[pri:0, instance:com.automation.TestNGTestCases@5b7a5baa]" name="jsonFileTest" class="com.automation.TestNGTestCases"/>
        <method signature="TestNGTestCases.excelFileTest()[pri:1, instance:com.automation.TestNGTestCases@5b7a5baa]" name="excelFileTest" class="com.automation.TestNGTestCases"/>
        <method signature="TestNGTestCases.xmlFileTest()[pri:2, instance:com.automation.TestNGTestCases@5b7a5baa]" name="xmlFileTest" class="com.automation.TestNGTestCases"/>
      </group> <!-- SmokeTest -->
      <group name="XmlFileTest">
        <method signature="TestNGTestCases.xmlFileTest()[pri:2, instance:com.automation.TestNGTestCases@5b7a5baa]" name="xmlFileTest" class="com.automation.TestNGTestCases"/>
      </group> <!-- XmlFileTest -->
      <group name="ExcelFileTest">
        <method signature="TestNGTestCases.excelFileTest()[pri:1, instance:com.automation.TestNGTestCases@5b7a5baa]" name="excelFileTest" class="com.automation.TestNGTestCases"/>
        <method signature="TestNGTestCases.excelFileTest2()[pri:4, instance:com.automation.TestNGTestCases@5b7a5baa]" name="excelFileTest2" class="com.automation.TestNGTestCases"/>
      </group> <!-- ExcelFileTest -->
      <group name="RegressionTest">
        <method signature="TestNGTestCases.jsonFileTest()[pri:0, instance:com.automation.TestNGTestCases@5b7a5baa]" name="jsonFileTest" class="com.automation.TestNGTestCases"/>
        <method signature="TestNGTestCases.excelFileTest()[pri:1, instance:com.automation.TestNGTestCases@5b7a5baa]" name="excelFileTest" class="com.automation.TestNGTestCases"/>
        <method signature="TestNGTestCases.xmlFileTest()[pri:2, instance:com.automation.TestNGTestCases@5b7a5baa]" name="xmlFileTest" class="com.automation.TestNGTestCases"/>
        <method signature="TestNGTestCases.excelFileTest2()[pri:4, instance:com.automation.TestNGTestCases@5b7a5baa]" name="excelFileTest2" class="com.automation.TestNGTestCases"/>
        <method signature="TestNGTestCases.jsonFileTest2()[pri:5, instance:com.automation.TestNGTestCases@5b7a5baa]" name="jsonFileTest2" class="com.automation.TestNGTestCases"/>
      </group> <!-- RegressionTest -->
      <group name="JsonFileTest">
        <method signature="TestNGTestCases.jsonFileTest()[pri:0, instance:com.automation.TestNGTestCases@5b7a5baa]" name="jsonFileTest" class="com.automation.TestNGTestCases"/>
        <method signature="TestNGTestCases.jsonFileTest2()[pri:5, instance:com.automation.TestNGTestCases@5b7a5baa]" name="jsonFileTest2" class="com.automation.TestNGTestCases"/>
      </group> <!-- JsonFileTest -->
    </groups>
    <test started-at="2025-08-29T09:28:13 IST" name="Test" finished-at="2025-08-29T09:28:16 IST" duration-ms="2946">
      <class name="com.automation.TestNGTestCases">
        <test-method is-config="true" signature="beforeSuit()[pri:0, instance:com.automation.TestNGTestCases@5b7a5baa]" started-at="2025-08-29T09:28:13 IST" name="beforeSuit" finished-at="2025-08-29T09:28:13 IST" duration-ms="23" status="PASS">
          <reporter-output>
          </reporter-output>
        </test-method> <!-- beforeSuit -->
        <test-method is-config="true" signature="beforeTest()[pri:0, instance:com.automation.TestNGTestCases@5b7a5baa]" started-at="2025-08-29T09:28:13 IST" name="beforeTest" finished-at="2025-08-29T09:28:13 IST" duration-ms="0" status="PASS">
          <reporter-output>
          </reporter-output>
        </test-method> <!-- beforeTest -->
        <test-method is-config="true" signature="beforeClass()[pri:0, instance:com.automation.TestNGTestCases@5b7a5baa]" started-at="2025-08-29T09:28:13 IST" name="beforeClass" finished-at="2025-08-29T09:28:13 IST" duration-ms="1" status="PASS">
          <reporter-output>
          </reporter-output>
        </test-method> <!-- beforeClass -->
        <test-method is-config="true" signature="beforeMethod()[pri:0, instance:com.automation.TestNGTestCases@5b7a5baa]" started-at="2025-08-29T09:28:13 IST" name="beforeMethod" finished-at="2025-08-29T09:28:13 IST" duration-ms="1" status="PASS">
          <reporter-output>
          </reporter-output>
        </test-method> <!-- beforeMethod -->
        <test-method signature="jsonFileTest()[pri:0, instance:com.automation.TestNGTestCases@5b7a5baa]" started-at="2025-08-29T09:28:13 IST" name="jsonFileTest" finished-at="2025-08-29T09:28:14 IST" duration-ms="552" status="PASS">
          <reporter-output>
            <line>
              <![CDATA[<span style="color: Red;">Password is matching and password is abc123</span>]]>
            </line>
          </reporter-output>
        </test-method> <!-- jsonFileTest -->
        <test-method is-config="true" signature="afterMethod()[pri:0, instance:com.automation.TestNGTestCases@5b7a5baa]" started-at="2025-08-29T09:28:14 IST" name="afterMethod" finished-at="2025-08-29T09:28:14 IST" duration-ms="1" status="PASS">
          <reporter-output>
          </reporter-output>
        </test-method> <!-- afterMethod -->
        <test-method is-config="true" signature="beforeMethod()[pri:0, instance:com.automation.TestNGTestCases@5b7a5baa]" started-at="2025-08-29T09:28:14 IST" name="beforeMethod" finished-at="2025-08-29T09:28:14 IST" duration-ms="1" status="PASS">
          <reporter-output>
          </reporter-output>
        </test-method> <!-- beforeMethod -->
        <test-method signature="excelFileTest()[pri:1, instance:com.automation.TestNGTestCases@5b7a5baa]" started-at="2025-08-29T09:28:14 IST" name="excelFileTest" finished-at="2025-08-29T09:28:15 IST" duration-ms="1824" status="PASS">
          <reporter-output>
            <line>
              <![CDATA[<span style="color: DarkGreen;">TypeOfLanguage showing as Object Oriendted Programming</span>]]>
            </line>
          </reporter-output>
        </test-method> <!-- excelFileTest -->
        <test-method is-config="true" signature="afterMethod()[pri:0, instance:com.automation.TestNGTestCases@5b7a5baa]" started-at="2025-08-29T09:28:15 IST" name="afterMethod" finished-at="2025-08-29T09:28:15 IST" duration-ms="1" status="PASS">
          <reporter-output>
          </reporter-output>
        </test-method> <!-- afterMethod -->
        <test-method is-config="true" signature="beforeMethod()[pri:0, instance:com.automation.TestNGTestCases@5b7a5baa]" started-at="2025-08-29T09:28:15 IST" name="beforeMethod" finished-at="2025-08-29T09:28:15 IST" duration-ms="2" status="PASS">
          <reporter-output>
          </reporter-output>
        </test-method> <!-- beforeMethod -->
        <test-method signature="xmlFileTest()[pri:2, instance:com.automation.TestNGTestCases@5b7a5baa]" started-at="2025-08-29T09:28:15 IST" name="xmlFileTest" finished-at="2025-08-29T09:28:16 IST" duration-ms="274" status="PASS">
          <reporter-output>
            <line>
              <![CDATA[<span style="color: Green;">XML Username is matching and password is User123</span>]]>
            </line>
          </reporter-output>
        </test-method> <!-- xmlFileTest -->
        <test-method is-config="true" signature="afterMethod()[pri:0, instance:com.automation.TestNGTestCases@5b7a5baa]" started-at="2025-08-29T09:28:16 IST" name="afterMethod" finished-at="2025-08-29T09:28:16 IST" duration-ms="0" status="PASS">
          <reporter-output>
          </reporter-output>
        </test-method> <!-- afterMethod -->
        <test-method is-config="true" signature="beforeMethod()[pri:0, instance:com.automation.TestNGTestCases@5b7a5baa]" started-at="2025-08-29T09:28:16 IST" name="beforeMethod" finished-at="2025-08-29T09:28:16 IST" duration-ms="3" status="PASS">
          <reporter-output>
          </reporter-output>
        </test-method> <!-- beforeMethod -->
        <test-method signature="excelFileTest2()[pri:4, instance:com.automation.TestNGTestCases@5b7a5baa]" started-at="2025-08-29T09:28:16 IST" name="excelFileTest2" finished-at="2025-08-29T09:28:16 IST" duration-ms="147" status="PASS">
          <reporter-output>
            <line>
              <![CDATA[<span style="color: Red;">TypeOfLanguage showing as Object Oriendted Programming1</span>]]>
            </line>
          </reporter-output>
        </test-method> <!-- excelFileTest2 -->
        <test-method is-config="true" signature="afterMethod()[pri:0, instance:com.automation.TestNGTestCases@5b7a5baa]" started-at="2025-08-29T09:28:16 IST" name="afterMethod" finished-at="2025-08-29T09:28:16 IST" duration-ms="1" status="PASS">
          <reporter-output>
          </reporter-output>
        </test-method> <!-- afterMethod -->
        <test-method is-config="true" signature="beforeMethod()[pri:0, instance:com.automation.TestNGTestCases@5b7a5baa]" started-at="2025-08-29T09:28:16 IST" name="beforeMethod" finished-at="2025-08-29T09:28:16 IST" duration-ms="1" status="PASS">
          <reporter-output>
          </reporter-output>
        </test-method> <!-- beforeMethod -->
        <test-method signature="jsonFileTest2()[pri:5, instance:com.automation.TestNGTestCases@5b7a5baa]" started-at="2025-08-29T09:28:16 IST" name="jsonFileTest2" finished-at="2025-08-29T09:28:16 IST" duration-ms="6" status="PASS">
          <reporter-output>
            <line>
              <![CDATA[<span style="color: Green;">Username is matching and password is ABC123</span>]]>
            </line>
          </reporter-output>
        </test-method> <!-- jsonFileTest2 -->
        <test-method is-config="true" signature="afterMethod()[pri:0, instance:com.automation.TestNGTestCases@5b7a5baa]" started-at="2025-08-29T09:28:16 IST" name="afterMethod" finished-at="2025-08-29T09:28:16 IST" duration-ms="2" status="PASS">
          <reporter-output>
          </reporter-output>
        </test-method> <!-- afterMethod -->
        <test-method signature="jsonFileTest2()[pri:5, instance:com.automation.TestNGTestCases@5b7a5baa]" started-at="2025-08-29T09:28:16 IST" name="jsonFileTest2" finished-at="2025-08-29T09:28:16 IST" duration-ms="8" status="PASS">
          <reporter-output>
            <line>
              <![CDATA[<span style="color: Green;">Username is matching and password is ABC123</span>]]>
            </line>
          </reporter-output>
        </test-method> <!-- jsonFileTest2 -->
        <test-method is-config="true" signature="beforeMethod()[pri:0, instance:com.automation.TestNGTestCases@5b7a5baa]" started-at="2025-08-29T09:28:16 IST" name="beforeMethod" finished-at="2025-08-29T09:28:16 IST" duration-ms="0" status="PASS">
          <reporter-output>
          </reporter-output>
        </test-method> <!-- beforeMethod -->
        <test-method is-config="true" signature="afterMethod()[pri:0, instance:com.automation.TestNGTestCases@5b7a5baa]" started-at="2025-08-29T09:28:16 IST" name="afterMethod" finished-at="2025-08-29T09:28:16 IST" duration-ms="1" status="PASS">
          <reporter-output>
          </reporter-output>
        </test-method> <!-- afterMethod -->
        <test-method is-config="true" signature="beforeMethod()[pri:0, instance:com.automation.TestNGTestCases@5b7a5baa]" started-at="2025-08-29T09:28:16 IST" name="beforeMethod" finished-at="2025-08-29T09:28:16 IST" duration-ms="1" status="PASS">
          <reporter-output>
          </reporter-output>
        </test-method> <!-- beforeMethod -->
        <test-method signature="jsonFileTest2()[pri:5, instance:com.automation.TestNGTestCases@5b7a5baa]" started-at="2025-08-29T09:28:16 IST" name="jsonFileTest2" finished-at="2025-08-29T09:28:16 IST" duration-ms="5" status="PASS">
          <reporter-output>
            <line>
              <![CDATA[<span style="color: Green;">Username is matching and password is ABC123</span>]]>
            </line>
          </reporter-output>
        </test-method> <!-- jsonFileTest2 -->
        <test-method is-config="true" signature="afterMethod()[pri:0, instance:com.automation.TestNGTestCases@5b7a5baa]" started-at="2025-08-29T09:28:16 IST" name="afterMethod" finished-at="2025-08-29T09:28:16 IST" duration-ms="1" status="PASS">
          <reporter-output>
          </reporter-output>
        </test-method> <!-- afterMethod -->
        <test-method is-config="true" signature="afterClass()[pri:0, instance:com.automation.TestNGTestCases@5b7a5baa]" started-at="2025-08-29T09:28:16 IST" name="afterClass" finished-at="2025-08-29T09:28:16 IST" duration-ms="1" status="PASS">
          <reporter-output>
          </reporter-output>
        </test-method> <!-- afterClass -->
        <test-method is-config="true" signature="afterTest()[pri:0, instance:com.automation.TestNGTestCases@5b7a5baa]" started-at="2025-08-29T09:28:16 IST" name="afterTest" finished-at="2025-08-29T09:28:16 IST" duration-ms="1" status="PASS">
          <reporter-output>
          </reporter-output>
        </test-method> <!-- afterTest -->
        <test-method is-config="true" signature="afterSuit()[pri:0, instance:com.automation.TestNGTestCases@5b7a5baa]" started-at="2025-08-29T09:28:16 IST" name="afterSuit" finished-at="2025-08-29T09:28:16 IST" duration-ms="1" status="PASS">
          <reporter-output>
          </reporter-output>
        </test-method> <!-- afterSuit -->
      </class> <!-- com.automation.TestNGTestCases -->
    </test> <!-- Test -->
  </suite> <!-- Suite -->
</testng-results>
