<?xml version="1.0" encoding="UTF-8"?>
<testng-results ignored="1" total="5" passed="4" failed="0" skipped="0">
  <reporter-output>
  </reporter-output>
  <suite started-at="2025-08-13T09:47:13 IST" name="Suite" finished-at="2025-08-13T09:47:14 IST" duration-ms="1153">
    <groups>
    </groups>
    <test started-at="2025-08-13T09:47:13 IST" name="Test" finished-at="2025-08-13T09:47:14 IST" duration-ms="1153">
      <class name="com.automation.TestNGTestCases">
        <test-method signature="excelFileTest()[pri:0, instance:com.automation.TestNGTestCases@6aeb35e6]" started-at="2025-08-13T09:47:13 IST" name="excelFileTest" finished-at="2025-08-13T09:47:13 IST" duration-ms="757" status="PASS">
          <reporter-output>
          </reporter-output>
        </test-method> <!-- excelFileTest -->
        <test-method signature="excelFileTest2()[pri:0, instance:com.automation.TestNGTestCases@6aeb35e6]" started-at="2025-08-13T09:47:13 IST" name="excelFileTest2" finished-at="2025-08-13T09:47:14 IST" duration-ms="80" status="PASS">
          <reporter-output>
          </reporter-output>
        </test-method> <!-- excelFileTest2 -->
        <test-method signature="jsonFileTest()[pri:0, instance:com.automation.TestNGTestCases@6aeb35e6]" started-at="2025-08-13T09:47:14 IST" name="jsonFileTest" finished-at="2025-08-13T09:47:14 IST" duration-ms="187" status="PASS">
          <reporter-output>
          </reporter-output>
        </test-method> <!-- jsonFileTest -->
        <test-method signature="xmlFileTest()[pri:0, instance:com.automation.TestNGTestCases@6aeb35e6]" started-at="2025-08-13T09:47:14 IST" name="xmlFileTest" finished-at="2025-08-13T09:47:14 IST" duration-ms="67" status="PASS">
          <reporter-output>
          </reporter-output>
        </test-method> <!-- xmlFileTest -->
      </class> <!-- com.automation.TestNGTestCases -->
    </test> <!-- Test -->
  </suite> <!-- Suite -->
</testng-results>
